<?xml version="1.0" encoding="UTF-8"?>
<!-- Generated by org.testng.reporters.JUnitXMLReporter -->
<testsuite ignored="5" hostname="DESKTOP-MHOSUQR" failures="0" tests="1" name="Default test" time="5.415" errors="0" timestamp="2025-12-01T16:32:29 EET">
  <testcase classname="firstproject.Test3CodenBox" name="CheckBox" time="0.189"/>
  <testcase classname="firstproject.Test3CodenBox" name="zxc" time="0.0">
    <ignored/>
  </testcase> <!-- zxc -->
  <testcase classname="firstproject.Test3CodenBox" name="SelectInput" time="0.0">
    <ignored/>
  </testcase> <!-- SelectInput -->
  <testcase classname="firstproject.Test3CodenBox" name="RadioButton" time="0.0">
    <ignored/>
  </testcase> <!-- RadioButton -->
  <testcase classname="firstproject.Test3CodenBox" name="CheckBox54" time="0.0">
    <ignored/>
  </testcase> <!-- CheckBox54 -->
  <testcase classname="firstproject.Test3CodenBox" name="Dynamic_Drop_down" time="0.0">
    <ignored/>
  </testcase> <!-- Dynamic_Drop_down -->
</testsuite> <!-- Default test -->
