<?xml version="1.0" encoding="UTF-8"?>
<testng-results ignored="5" total="6" passed="1" failed="0" skipped="0">
  <reporter-output>
  </reporter-output>
  <suite started-at="2025-12-01T16:32:24 EET" name="Default suite" finished-at="2025-12-01T16:32:29 EET" duration-ms="5415">
    <groups>
    </groups>
    <test started-at="2025-12-01T16:32:24 EET" name="Default test" finished-at="2025-12-01T16:32:29 EET" duration-ms="5415">
      <class name="firstproject.Test3CodenBox">
        <test-method is-config="true" signature="mySetup()[pri:0, instance:firstproject.Test3CodenBox@2b0f373b]" started-at="2025-12-01T16:32:24 EET" name="mySetup" finished-at="2025-12-01T16:32:29 EET" duration-ms="5188" status="PASS">
          <reporter-output>
          </reporter-output>
        </test-method> <!-- mySetup -->
        <test-method signature="CheckBox()[pri:1, instance:firstproject.Test3CodenBox@2b0f373b]" started-at="2025-12-01T16:32:29 EET" name="CheckBox" finished-at="2025-12-01T16:32:29 EET" duration-ms="189" status="PASS">
          <reporter-output>
          </reporter-output>
        </test-method> <!-- CheckBox -->
      </class> <!-- firstproject.Test3CodenBox -->
    </test> <!-- Default test -->
  </suite> <!-- Default suite -->
</testng-results>
