<?xml version="1.0" encoding="UTF-8"?>
<!-- Generated by org.testng.reporters.JUnitReportReporter -->
<testsuite hostname="DESKTOP-MHOSUQR" failures="0" tests="3" name="firstproject.SauceDemo2" time="0.862" errors="0" timestamp="2025-11-25T15:10:14 EET" skipped="0">
  <testcase classname="firstproject.SauceDemo2" name="Login" time="0.229"/>
  <testcase classname="firstproject.SauceDemo2" name="AddToCartButoon" time="0.383"/>
  <testcase classname="firstproject.SauceDemo2" name="RemoveFromCartButton" time="0.250"/>
</testsuite> <!-- firstproject.SauceDemo2 -->
