<?xml version="1.0" encoding="UTF-8"?>
<!-- Generated by org.testng.reporters.JUnitReportReporter -->
<testsuite hostname="DESKTOP-MHOSUQR" failures="0" tests="3" name="firstproject.SecondProject" time="12.088" errors="0" timestamp="2025-11-21T16:59:17 EET" skipped="0">
  <testcase classname="firstproject.SecondProject" name="SignUp" time="8.102"/>
  <testcase classname="firstproject.SecondProject" name="Login" time="3.252"/>
  <testcase classname="firstproject.SecondProject" name="DeleteAaccount" time="0.734"/>
</testsuite> <!-- firstproject.SecondProject -->
