<?xml version="1.0" encoding="UTF-8"?>
<!-- Generated by org.testng.reporters.JUnitReportReporter -->
<testsuite hostname="DESKTOP-MHOSUQR" failures="0" tests="6" name="firstproject.Test3CodenBox" time="0.189" errors="0" timestamp="2025-12-01T16:32:30 EET" skipped="5">
  <testcase classname="firstproject.Test3CodenBox" name="CheckBox" time="0.189"/>
  <testcase classname="firstproject.Test3CodenBox" name="zxc">
    <skipped/>
  </testcase> <!-- zxc -->
  <testcase classname="firstproject.Test3CodenBox" name="SelectInput">
    <skipped/>
  </testcase> <!-- SelectInput -->
  <testcase classname="firstproject.Test3CodenBox" name="RadioButton">
    <skipped/>
  </testcase> <!-- RadioButton -->
  <testcase classname="firstproject.Test3CodenBox" name="CheckBox54">
    <skipped/>
  </testcase> <!-- CheckBox54 -->
  <testcase classname="firstproject.Test3CodenBox" name="Dynamic_Drop_down">
    <skipped/>
  </testcase> <!-- Dynamic_Drop_down -->
</testsuite> <!-- firstproject.Test3CodenBox -->
